Microsoft (R) Help Compiler
HCRTF 4.03.0002
Copyright (c) Microsoft Corp 1990 - 1995. All rights reserved.
mfcgui.hpj
    HC1002: Note: 
	Using existing phrase table: mfcgui.ph.
    HC3025: Warning: topic #1 of C:\Work\boomerang\mfcgui\hlp\.\afxcore.rtf : 
	Jump to undefined Topic ID: "menu_record".
    HC3025: Warning: topic #2 of C:\Work\boomerang\mfcgui\hlp\.\afxcore.rtf : 
	Jump to undefined Topic ID: "HID_FILE_PRINT_PREVIEW".
    HC3025: Warning: topic #2 of C:\Work\boomerang\mfcgui\hlp\.\afxcore.rtf : 
	Jump to undefined Topic ID: "HID_FILE_PRINT_SETUP".
    HC3025: Warning: topic #2 of C:\Work\boomerang\mfcgui\hlp\.\afxcore.rtf : 
	Jump to undefined Topic ID: "HID_FILE_PRINT".
    HC3025: Warning: topic #3 of C:\Work\boomerang\mfcgui\hlp\.\afxcore.rtf : 
	Jump to undefined Topic ID: "HID_OLE_EDIT_LINKS".
    HC3025: Warning: topic #3 of C:\Work\boomerang\mfcgui\hlp\.\afxcore.rtf : 
	Jump to undefined Topic ID: "HID_EDIT_PASTE_LINK".
    HC3025: Warning: topic #3 of C:\Work\boomerang\mfcgui\hlp\.\afxcore.rtf : 
	Jump to undefined Topic ID: "HID_OLE_INSERT_NEW".
    HC1010: Note: 
	The following mapped Topic IDs were not used in any topic:
	AFX_HIDP_UNREG_DONE
	HID_MAKE_IF_THEN_ELSE
	HID_PROPERTIES
	AFX_HIDP_GET_NOT_SUPPORTED
	HID_HT_OBJECT
	AFX_HIDP_SQL_BOOKMARKS_NOT_ENABLED
	HID_NEW_SYMBOL
	HID_FILE_PRINT_PREVIEW
	AFX_HIDD_PRINTDLG
	HID_RECORD_FIRST
	HID_DELETE_SYMBOL
	HID_EDIT_SELECT_ALL
	HID_FILE_UPDATE
	AFX_HIDW_RESIZE_BAR
	AFX_HIDP_SQL_NO_DATA_FOUND
	AFX_HIDP_SQL_EMPTY_COLUMN_LIST
	AFX_HIDP_SQL_ODBC_LOAD_FAILED
	AFX_HIDP_FAILED_TO_CREATE
	HIDD_EDITBB
	HIDR_DUMMY1
	AFX_HIDD_BUSY
	AFX_HIDP_ARCH_NONE
	HID_RECORD_LAST
	HID_RECORD_NEXT
	HID_RECORD_PREV
	HID_EDIT_CODE
	HID_EDIT_PROC
	AFX_HIDD_OBJECTPROPERTIES
	HID_REV_SSA_FORM
	HID_PROPOGATE_FORWARD
	AFX_HIDP_UNREG_FAILURE
	AFX_HIDP_SQL_BOOKMARKS_NOT_SUPPORTED
	HIDD_PROC_PROPERTIES
	AFX_HIDP_FILE_TOO_MANY_OPEN
	AFX_HIDP_SQL_FIELD_NOT_FOUND
	AFX_HIDP_FILE_ACCESS_DENIED
	HID_FILE_SAVE_COPY_AS
	AFX_HIDD_CONVERT
	AFX_HIDP_ASK_TO_DISCARD
	AFX_HIDP_SQL_FIELD_SCHEMA_MISMATCH
	AFX_HIDP_SQL_LOCK_MODE_NOT_SUPPORTED
	HID_FORMAT_FONT
	AFX_HIDP_FILE_HARD_IO
	AFX_HIDD_CHANGESOURCE
	AFX_HIDP_FILE_NOT_FOUND
	AFX_HIDW_DOCKBAR_TOP
	AFX_HIDP_DAO_DFX_BIND
	AFX_HIDP_SQL_ODBC_V2_REQUIRED
	AFX_HIDP_SQL_NO_ROWS_AFFECTED
	HID_OLE_EDIT_CONVERT
	HID_VIEW_SYMBOLS
	AFX_HIDP_SQL_SQL_CONFORMANCE
	AFX_HIDD_INSERTOBJECT
	AFX_HIDP_SQL_RECORDSET_READONLY
	AFX_HIDP_PARSE_RADIO_BUTTON
	HID_EDIT_PASTE_SPECIAL
	AFX_HIDP_DAO_ROWTOOSHORT
	AFX_HIDP_SQL_INCORRECT_ODBC
	AFX_HIDP_NO_ERROR_AVAILABLE
	AFX_HIDW_DOCKBAR_BOTTOM
	AFX_HIDP_FILE_DIR_FULL
	AFX_HIDP_DAO_BADBINDINFO
	AFX_HIDP_SQL_UPDATE_DELETE_FAILED
	AFX_HIDP_PARSE_DATETIME
	HID_OLE_EDIT_CHANGE_ICON
	AFX_HIDP_ARCH_ENDOFFILE
	AFX_HIDP_SQL_SQL_NO_TOTAL
	AFX_HIDP_SQL_CONNECT_FAIL
	AFX_HIDP_SQL_API_CONFORMANCE
	HID_OLE_EDIT_PROPERTIES
	AFX_HIDP_FILE_DISKFULL
	HID_SHOW_LEAVES
	HIDD_NEWSYMBOL
	HID_FILE_PAGE_SETUP
	AFX_HIDW_DOCKBAR_LEFT
	AFX_HIDP_FILE_REMOVE_CURRENT
	AFX_HIDP_ARCH_BADCLASS
	HIDD_SAVELOAD
	AFX_HIDP_SQL_NO_POSITIONED_UPDATES
	HID_OLE_VERB_1
	HID_OLE_VERB_1
	HID_OLE_VERB_1
	HID_OLE_VERB_1
	HID_OLE_VERB_1
	HID_OLE_VERB_1
	HID_OLE_VERB_1
	HID_OLE_VERB_1
	HID_OLE_VERB_1
	HID_OLE_VERB_1
	HID_OLE_VERB_1
	HID_OLE_VERB_1
	HID_OLE_VERB_1
	HID_OLE_VERB_1
	HID_OLE_VERB_1
	HID_OLE_VERB_1
	AFX_HIDP_ARCH_BADINDEX
	HID_REMOVE_USELESS
	HID_CHANGE_LATCH
	HID_WIZBACK
	HID_WIZNEXT
	HID_VIEW_PROCEDURES
	HID_RENAME_VARIABLE
	HID_PROJECT_SAVE_AS
	AFX_HIDP_PARSE_CURRENCY
	HID_CHANGE_FOLLOW
	AFX_HIDP_FILE_NONE
	AFX_HIDW_PREVIEW_BAR
	HID_FILE_PRINT_SETUP
	AFX_HIDP_FAILED_TO_CONVERT
	HID_HELP_FINDER
	AFX_HIDP_FILE_EOF
	AFX_HIDP_FILE_LOCKING
	HIDD_DATA_FLOW
	AFX_HIDP_SQL_ILLEGAL_MODE
	AFX_HIDD_PREVIEW_TOOLBAR
	AFX_HIDP_SQL_NO_CURRENT_RECORD
	AFX_HIDP_FILE_BAD_PATH
	AFX_HIDP_FILE_BAD_SEEK
	HID_SHOW_ALL_LABELS
	AFX_HIDP_SQL_ROW_UPDATE_NOT_SUPPORTED
	HIDD_CFGVIEW
	HIDD_NEW_PROJECT
	AFX_HIDP_FAILED_MAPI_LOAD
	AFX_HIDP_FAILED_MAPI_SEND
	AFX_HIDP_FILE_SHARING
	HID_SHOW_STRUCTURES
	HIDD_VIEWDECODE
	HID_HIDE_UN_LABELS
	HID_FILE_PRINT_DIRECT
	HID_PROJECT_OPEN
	HID_PROJECT_SAVE
	HIDD_PROCEDURES
	HID_FILE_PRINT
	AFX_HIDP_DLL_LOAD_FAILED
	AFX_HIDP_SQL_DYNASET_NOT_SUPPORTED
	AFX_HIDD_PRINTSETUP
	AFX_HIDP_SQL_ROW_FETCH
	AFX_HIDP_SET_NOT_SUPPORTED
	AFX_HIDD_CHANGEICON
	HID_FIX_INVALID_CFG
	AFX_HIDP_DLL_BAD_VERSION
	AFX_HIDP_ARCH_BADSCHEMA
	AFX_HIDD_FILEBROWSE
	HIDD_RENAME_VARIABLE
	HID_PROJECT_CLOSE
	HID_MAKE_IF_THEN
	HID_MAKE_PRETESTED_LOOP
	HID_DEBUG_EXP
	AFX_HIDD_EDITLINKS
	AFX_HIDP_SQL_DATA_TRUNCATED
	HID_HT_HELP
	HID_WIZFINISH
	AFX_HIDP_INVALID_MAPI_DLL
	AFX_HIDD_PREVIEW_SHORTTOOLBAR
	AFX_HIDP_DAO_OBJECT_NOT_OPEN
	AFX_HIDP_ARCH_WRITEONLY
	HIDD_SYMBOLS
	HID_OLE_EDIT_LINKS
	HID_PROJECT_NEW
	AFX_HIDP_SQL_MULTIPLE_ROWS_AFFECTED
	HID_EDIT_PASTE_LINK
	HID_VIEW_CONTROLFLOW
	AFX_HIDP_DAO_ENGINE_INITIALIZATION
	AFX_HIDW_DOCKBAR_FLOAT
	HID_MAKE_SSA
	AFX_HIDD_PRINT
	HID_EDIT_BB
	AFX_HIDW_DOCKBAR_RIGHT
	HID_SIMPLIFY_EXP
	AFX_HIDP_PARSE_BYTE
	AFX_HIDP_PARSE_UINT
	AFX_HIDP_ARCH_GENERIC
	AFX_HIDP_SQL_SNAPSHOT_NOT_SUPPORTED
	AFX_HIDD_PASTESPECIAL
	AFX_HIDP_FILE_GENERIC
	AFX_HIDP_FILE_INVALID_FILE
	HID_HT_CLOSE
	AFX_HIDP_ARCH_READONLY
	AFX_HIDP_SQL_RECORDSET_FORWARD_ONLY
	HID_OLE_INSERT_NEW
	AFX_HIDP_SQL_DYNAMIC_CURSOR_NOT_SUPPORTED
	AFX_HIDP_DAO_COLUMNUNAVAILABLE
64	Topics
44	Jumps
12	Keywords
21	Bitmaps


Created C:\Work\boomerang\mfcgui\hlp\mfcgui.HLP, 34,686 bytes
Bitmaps: 5,348 bytes
Phrase+Zeck compression decreased help file by 11,796 bytes.
Compile time: 0 minutes, 0 seconds
2 notes, 7 warnings
